<?xml version="1.0" encoding="UTF-8"?>
<!-- Generated by org.testng.reporters.JUnitXMLReporter -->
<testsuite ignored="5" hostname="DESKTOP-5RTH0OK" failures="0" tests="2" name="Default test" time="12.015" errors="0" timestamp="2026-04-02T16:18:16 EET">
  <testcase classname="MyTestCase.MyStore" name="LoginOnCustomerPage" time="4.948"/>
  <testcase classname="MyTestCase.MyStore" name="AddItems" time="4.376"/>
  <testcase classname="MyTestCase.MyStore" name="OpenSingUpPage" time="0.0">
    <ignored/>
  </testcase> <!-- OpenSingUpPage -->
  <testcase classname="MyTestCase.MyStore" name="AddProduct" time="0.0">
    <ignored/>
  </testcase> <!-- AddProduct -->
  <testcase classname="MyTestCase.MyStore" name="LoginOnSellerPage" time="0.0">
    <ignored/>
  </testcase> <!-- LoginOnSellerPage -->
  <testcase classname="MyTestCase.MyStore" name="DeleteProductRandom" time="0.0">
    <ignored/>
  </testcase> <!-- DeleteProductRandom -->
  <testcase classname="MyTestCase.MyStore" name="CreateUser" time="0.0">
    <ignored/>
  </testcase> <!-- CreateUser -->
</testsuite> <!-- Default test -->
