<?xml version="1.0" encoding="UTF-8"?>
<!-- Generated by org.testng.reporters.JUnitXMLReporter -->
<testsuite ignored="1" hostname="DESKTOP-5RTH0OK" failures="1" tests="11" name="Default test" time="64.996" errors="0" timestamp="2026-04-05T19:18:09 EET">
  <testcase classname="MyTestCase.MyStore" name="OpenSingUpPage" time="0.324"/>
  <testcase classname="MyTestCase.MyStore" name="CreateSeller" time="1.055">
    <failure type="java.lang.NullPointerException" message="Cannot invoke &amp;quot;org.openqa.selenium.JavascriptExecutor.executeScript(String, Object[])&amp;quot; because &amp;quot;this.js&amp;quot; is null">
      <![CDATA[java.lang.NullPointerException: Cannot invoke "org.openqa.selenium.JavascriptExecutor.executeScript(String, Object[])" because "this.js" is null
at MyTestCase.MyStore.CreateSeller(MyStore.java:60)
at java.base/jdk.internal.reflect.DirectMethodHandleAccessor.invoke(DirectMethodHandleAccessor.java:103)
at java.base/java.lang.reflect.Method.invoke(Method.java:580)
at org.testng.internal.invokers.MethodInvocationHelper.invokeMethod(MethodInvocationHelper.java:141)
at org.testng.internal.invokers.TestInvoker.invokeMethod(TestInvoker.java:687)
at org.testng.internal.invokers.TestInvoker.invokeTestMethod(TestInvoker.java:230)
at org.testng.internal.invokers.MethodRunner.runInSequence(MethodRunner.java:63)
at org.testng.internal.invokers.TestInvoker$MethodInvocationAgent.invoke(TestInvoker.java:995)
at org.testng.internal.invokers.TestInvoker.invokeTestMethods(TestInvoker.java:203)
at org.testng.internal.invokers.TestMethodWorker.invokeTestMethods(TestMethodWorker.java:154)
at org.testng.internal.invokers.TestMethodWorker.run(TestMethodWorker.java:134)
at java.base/java.util.ArrayList.forEach(ArrayList.java:1596)
at org.testng.TestRunner.privateRun(TestRunner.java:741)
at org.testng.TestRunner.run(TestRunner.java:616)
at org.testng.SuiteRunner.runTest(SuiteRunner.java:421)
at org.testng.SuiteRunner.runSequentially(SuiteRunner.java:413)
at org.testng.SuiteRunner.privateRun(SuiteRunner.java:373)
at org.testng.SuiteRunner.run(SuiteRunner.java:312)
at org.testng.SuiteRunnerWorker.runSuite(SuiteRunnerWorker.java:52)
at org.testng.SuiteRunnerWorker.run(SuiteRunnerWorker.java:95)
at org.testng.TestNG.runSuitesSequentially(TestNG.java:1274)
at org.testng.TestNG.runSuitesLocally(TestNG.java:1208)
at org.testng.TestNG.runSuites(TestNG.java:1112)
at org.testng.TestNG.run(TestNG.java:1079)
at org.testng.remote.AbstractRemoteTestNG.run(AbstractRemoteTestNG.java:115)
at org.testng.remote.RemoteTestNG.initAndRun(RemoteTestNG.java:293)
at org.testng.remote.RemoteTestNG.main(RemoteTestNG.java:91)
]]>
    </failure>
  </testcase> <!-- CreateSeller -->
  <testcase classname="MyTestCase.MyStore" name="LoginOnSellerPage" time="1.645"/>
  <testcase classname="MyTestCase.MyStore" name="AddProduct" time="43.232"/>
  <testcase classname="MyTestCase.MyStore" name="LogoutFromSeller" time="0.693"/>
  <testcase classname="MyTestCase.MyStore" name="OpenSingUpPageForUser" time="0.707"/>
  <testcase classname="MyTestCase.MyStore" name="CreateUser" time="3.851"/>
  <testcase classname="MyTestCase.MyStore" name="LoginOnCustomerPage" time="3.709"/>
  <testcase classname="MyTestCase.MyStore" name="AddItemsToCart" time="5.238"/>
  <testcase classname="MyTestCase.MyStore" name="viewCart" time="1.516"/>
  <testcase classname="MyTestCase.MyStore" name="Logout" time="1.288"/>
  <testcase classname="MyTestCase.MyStore" name="DeleteProductRandom" time="0.0">
    <ignored/>
  </testcase> <!-- DeleteProductRandom -->
</testsuite> <!-- Default test -->
