<?xml version="1.0" encoding="UTF-8"?>
<testng-results ignored="0" total="2" passed="2" failed="0" skipped="0">
  <reporter-output>
  </reporter-output>
  <suite started-at="2026-03-29T16:52:16 EET" name="Default suite" finished-at="2026-03-29T16:52:24 EET" duration-ms="7923">
    <groups>
    </groups>
    <test started-at="2026-03-29T16:52:16 EET" name="Default test" finished-at="2026-03-29T16:52:24 EET" duration-ms="7923">
      <class name="MyTestCase.MyStore">
        <test-method is-config="true" signature="MySetUP()[pri:0, instance:MyTestCase.MyStore@4aa83f4f]" started-at="2026-03-29T16:52:16 EET" name="MySetUP" finished-at="2026-03-29T16:52:18 EET" duration-ms="1648" status="PASS">
          <reporter-output>
          </reporter-output>
        </test-method> <!-- MySetUP -->
        <test-method signature="OpenSingUpPage()[pri:1, instance:MyTestCase.MyStore@4aa83f4f]" started-at="2026-03-29T16:52:18 EET" name="OpenSingUpPage" finished-at="2026-03-29T16:52:20 EET" duration-ms="2286" status="PASS">
          <reporter-output>
          </reporter-output>
        </test-method> <!-- OpenSingUpPage -->
        <test-method signature="CreateUser()[pri:2, instance:MyTestCase.MyStore@4aa83f4f]" started-at="2026-03-29T16:52:20 EET" name="CreateUser" finished-at="2026-03-29T16:52:24 EET" duration-ms="3910" status="PASS">
          <reporter-output>
          </reporter-output>
        </test-method> <!-- CreateUser -->
      </class> <!-- MyTestCase.MyStore -->
    </test> <!-- Default test -->
  </suite> <!-- Default suite -->
</testng-results>
