<?xml version="1.0" encoding="UTF-8"?>
<!-- Generated by org.testng.reporters.JUnitReportReporter -->
<testsuite hostname="DESKTOP-5RTH0OK" failures="0" tests="12" name="MyTestCase.MtTest" time="138.089" errors="0" timestamp="2026-04-06T17:57:13 EET" skipped="1">
  <testcase classname="MyTestCase.MtTest" name="OpenSingUpPage" time="3.916"/>
  <testcase classname="MyTestCase.MtTest" name="CreateSeller" time="8.683"/>
  <testcase classname="MyTestCase.MtTest" name="LoginOnSellerPage" time="7.426"/>
  <testcase classname="MyTestCase.MtTest" name="AddProduct" time="76.232"/>
  <testcase classname="MyTestCase.MtTest" name="LogoutFromSeller" time="2.724"/>
  <testcase classname="MyTestCase.MtTest" name="OpenSingUpPageForUser" time="3.820"/>
  <testcase classname="MyTestCase.MtTest" name="CreateUser" time="10.152"/>
  <testcase classname="MyTestCase.MtTest" name="LoginOnCustomerPage" time="8.456"/>
  <testcase classname="MyTestCase.MtTest" name="AddItemsToCart" time="8.829"/>
  <testcase classname="MyTestCase.MtTest" name="viewCart" time="4.006"/>
  <testcase classname="MyTestCase.MtTest" name="Logout" time="3.845"/>
  <testcase classname="MyTestCase.MtTest" name="DeleteProductRandom">
    <skipped/>
  </testcase> <!-- DeleteProductRandom -->
</testsuite> <!-- MyTestCase.MtTest -->
