<?xml version="1.0" encoding="UTF-8"?>
<!-- Generated by org.testng.reporters.JUnitReportReporter -->
<testsuite hostname="DESKTOP-5RTH0OK" failures="0" tests="12" name="MyTestCase.MyTest" time="46.526" errors="0" timestamp="2026-04-06T19:53:33 EET" skipped="1">
  <testcase classname="MyTestCase.MyTest" name="OpenSingUpPage" time="2.410"/>
  <testcase classname="MyTestCase.MyTest" name="CreateSeller" time="5.402"/>
  <testcase classname="MyTestCase.MyTest" name="LoginOnSellerPage" time="4.449"/>
  <testcase classname="MyTestCase.MyTest" name="AddProduct" time="9.204"/>
  <testcase classname="MyTestCase.MyTest" name="LogoutFromSeller" time="1.624"/>
  <testcase classname="MyTestCase.MyTest" name="OpenSingUpPageForUser" time="2.101"/>
  <testcase classname="MyTestCase.MyTest" name="CreateUser" time="5.700"/>
  <testcase classname="MyTestCase.MyTest" name="LoginOnCustomerPage" time="6.124"/>
  <testcase classname="MyTestCase.MyTest" name="AddItemsToCart" time="4.794"/>
  <testcase classname="MyTestCase.MyTest" name="viewCart" time="2.390"/>
  <testcase classname="MyTestCase.MyTest" name="Logout" time="2.328"/>
  <testcase classname="MyTestCase.MyTest" name="DeleteProductRandom">
    <skipped/>
  </testcase> <!-- DeleteProductRandom -->
</testsuite> <!-- MyTestCase.MyTest -->
