<?xml version="1.0" encoding="UTF-8"?>
<!-- Generated by org.testng.reporters.JUnitReportReporter -->
<testsuite hostname="DESKTOP-5RTH0OK" failures="0" tests="9" name="MyTestCase.MyStore" time="7.337" errors="0" timestamp="2026-04-03T17:35:41 EET" skipped="6">
  <testcase classname="MyTestCase.MyStore" name="LoginOnCustomerPage" time="4.646"/>
  <testcase classname="MyTestCase.MyStore" name="viewCart" time="1.401"/>
  <testcase classname="MyTestCase.MyStore" name="Logout" time="1.290"/>
  <testcase classname="MyTestCase.MyStore" name="AddItems">
    <skipped/>
  </testcase> <!-- AddItems -->
  <testcase classname="MyTestCase.MyStore" name="LoginOnSellerPage">
    <skipped/>
  </testcase> <!-- LoginOnSellerPage -->
  <testcase classname="MyTestCase.MyStore" name="AddProduct">
    <skipped/>
  </testcase> <!-- AddProduct -->
  <testcase classname="MyTestCase.MyStore" name="DeleteProductRandom">
    <skipped/>
  </testcase> <!-- DeleteProductRandom -->
  <testcase classname="MyTestCase.MyStore" name="CreateUser">
    <skipped/>
  </testcase> <!-- CreateUser -->
  <testcase classname="MyTestCase.MyStore" name="OpenSingUpPage">
    <skipped/>
  </testcase> <!-- OpenSingUpPage -->
</testsuite> <!-- MyTestCase.MyStore -->
