<?xml version="1.0" encoding="UTF-8"?>
<!-- Generated by org.testng.reporters.JUnitReportReporter -->
<testsuite hostname="DESKTOP-5RTH0OK" failures="0" tests="12" name="MyTestCase.Test2" time="63.257" errors="0" timestamp="2026-04-05T19:14:02 EET" skipped="1">
  <testcase classname="MyTestCase.Test2" name="OpenSingUpPage" time="0.320"/>
  <testcase classname="MyTestCase.Test2" name="CreateSeller" time="1.213"/>
  <testcase classname="MyTestCase.Test2" name="LoginOnSellerPage" time="1.592"/>
  <testcase classname="MyTestCase.Test2" name="AddProduct" time="42.936"/>
  <testcase classname="MyTestCase.Test2" name="LogoutFromSeller" time="0.689"/>
  <testcase classname="MyTestCase.Test2" name="OpenSingUpPageForUser" time="0.754"/>
  <testcase classname="MyTestCase.Test2" name="CreateUser" time="3.929"/>
  <testcase classname="MyTestCase.Test2" name="LoginOnCustomerPage" time="3.829"/>
  <testcase classname="MyTestCase.Test2" name="AddItemsToCart" time="5.272"/>
  <testcase classname="MyTestCase.Test2" name="viewCart" time="1.419"/>
  <testcase classname="MyTestCase.Test2" name="Logout" time="1.304"/>
  <testcase classname="MyTestCase.Test2" name="DeleteProductRandom">
    <skipped/>
  </testcase> <!-- DeleteProductRandom -->
</testsuite> <!-- MyTestCase.Test2 -->
